<?xml version="1.0" encoding="UTF-8"?>
<testng-results ignored="0" total="3" passed="3" failed="0" skipped="0">
  <reporter-output>
  </reporter-output>
  <suite started-at="2025-06-17T22:05:50 IST" name="Default suite" finished-at="2025-06-17T22:06:24 IST" duration-ms="33948">
    <groups>
      <group name="cucumber">
        <method signature="AbstractTestNGCucumberTests.runScenario(io.cucumber.testng.PickleWrapper,io.cucumber.testng.FeatureWrapper)[pri:0, instance:Runner.Runner@4c583ecf]" name="runScenario" class="io.cucumber.testng.AbstractTestNGCucumberTests"/>
      </group> <!-- cucumber -->
    </groups>
    <test started-at="2025-06-17T22:05:50 IST" name="Default test" finished-at="2025-06-17T22:06:24 IST" duration-ms="33948">
      <class name="Runner.Runner">
        <test-method is-config="true" signature="setUpClass(org.testng.ITestContext)[pri:0, instance:Runner.Runner@4c583ecf]" started-at="2025-06-17T22:05:50 IST" name="setUpClass" finished-at="2025-06-17T22:05:50 IST" duration-ms="69" status="PASS">
          <params>
            <param index="0">
              <value>
                <![CDATA[org.testng.TestRunner@713064e8]]>
              </value>
            </param>
          </params>
          <reporter-output>
          </reporter-output>
        </test-method> <!-- setUpClass -->
        <test-method signature="runScenario(io.cucumber.testng.PickleWrapper,io.cucumber.testng.FeatureWrapper)[pri:0, instance:Runner.Runner@4c583ecf]" started-at="2025-06-17T22:05:50 IST" name="runScenario" description="Runs Cucumber Scenarios" data-provider="scenarios" finished-at="2025-06-17T22:06:13 IST" duration-ms="22860" status="PASS">
          <params>
            <param index="0">
              <value>
                <![CDATA["Login functionality with various credentials"]]>
              </value>
            </param>
            <param index="1">
              <value>
                <![CDATA["Karan_17JUN2025_Login"]]>
              </value>
            </param>
          </params>
          <reporter-output>
          </reporter-output>
        </test-method> <!-- runScenario -->
        <test-method signature="runScenario(io.cucumber.testng.PickleWrapper,io.cucumber.testng.FeatureWrapper)[pri:0, instance:Runner.Runner@4c583ecf]" started-at="2025-06-17T22:06:13 IST" name="runScenario" description="Runs Cucumber Scenarios" data-provider="scenarios" finished-at="2025-06-17T22:06:19 IST" duration-ms="5485" status="PASS">
          <params>
            <param index="0">
              <value>
                <![CDATA["Login functionality with various credentials"]]>
              </value>
            </param>
            <param index="1">
              <value>
                <![CDATA["Karan_17JUN2025_Login"]]>
              </value>
            </param>
          </params>
          <reporter-output>
          </reporter-output>
        </test-method> <!-- runScenario -->
        <test-method signature="runScenario(io.cucumber.testng.PickleWrapper,io.cucumber.testng.FeatureWrapper)[pri:0, instance:Runner.Runner@4c583ecf]" started-at="2025-06-17T22:06:19 IST" name="runScenario" description="Runs Cucumber Scenarios" data-provider="scenarios" finished-at="2025-06-17T22:06:24 IST" duration-ms="5436" status="PASS">
          <params>
            <param index="0">
              <value>
                <![CDATA["Login functionality with various credentials"]]>
              </value>
            </param>
            <param index="1">
              <value>
                <![CDATA["Karan_17JUN2025_Login"]]>
              </value>
            </param>
          </params>
          <reporter-output>
          </reporter-output>
        </test-method> <!-- runScenario -->
        <test-method is-config="true" signature="tearDownClass()[pri:0, instance:Runner.Runner@4c583ecf]" started-at="2025-06-17T22:06:24 IST" name="tearDownClass" finished-at="2025-06-17T22:06:24 IST" duration-ms="80" status="PASS">
          <reporter-output>
          </reporter-output>
        </test-method> <!-- tearDownClass -->
      </class> <!-- Runner.Runner -->
    </test> <!-- Default test -->
  </suite> <!-- Default suite -->
</testng-results>
